🚀 Setting up AGflowV2 development environment...
📦 Installing dependencies...

up to date, audited 680 packages in 1s

94 packages are looking for funding
  run `npm fund` for details

7 vulnerabilities (2 low, 5 moderate)

To address all issues (including breaking changes), run:
  npm audit fix --force

Run `npm audit` for details.
🔧 Starting backend server...

> rest-express@1.0.0 dev
> NODE_ENV=development tsx server/index.ts

🎨 Starting frontend server...
⚠️  Redis disabled in development mode. Job queuing will be skipped.
   To enable Redis, set ENABLE_REDIS=true or start in production/staging mode.
{"level":30,"time":1759197851876,"pid":61657,"hostname":"codespaces-451ceb","port":3000,"msg":"Server listening"}
NotificationJobService initialized
Starting notification job service - processing notifications every hour
⚠️ Redis queue not available, skipping notification job enqueue
{"level":30,"time":1759197851893,"pid":61657,"hostname":"codespaces-451ceb","msg":"Notification job service started - processing notifications every hour"}

  VITE v5.4.20  ready in 373 ms

  ➜  Local:   http://localhost:5173/
  ➜  Network: http://10.0.11.25:5173/
  ➜  Network: http://172.17.0.1:5173/
  ➜  press h + enter to show help
